https://groups.io/g/Emco-CNC-Users/files/PS4003.pdf
https://groups.io/g/Emco-CNC-Users/files/pre_reglage_outillage.pdf
https://groups.io/g/Emco-CNC-Users/files/Pratt%2080mm%20chuck%20backplate.pdf
https://groups.io/g/Emco-CNC-Users/files/PCTurn50_EN_Beschr_C.pdf
https://groups.io/g/Emco-CNC-Users/files/PCMill55_EN_Beschr_C.pdf
https://groups.io/g/Emco-CNC-Users/files/PC%20mill%2055%20backup%20EMCO%20TRANSCEND%20FROM%20ACC.zip
https://groups.io/g/Emco-CNC-Users/files/MSD_PLC.zip
https://groups.io/g/Emco-CNC-Users/files/Mk4%20lathe%20test%20TEXT.txt
https://groups.io/g/Emco-CNC-Users/files/MK2,%20MK4,%20F1%20GM%20codes.xls
https://groups.io/g/Emco-CNC-Users/files/MikesFreeInterface_2014_v1.6.4
https://groups.io/g/Emco-CNC-Users/files/20160604090312.pdf
https://groups.io/g/Emco-CNC-Users/profile/@Sharp.Shooter
https://groups.io/g/Emco-CNC-Users/files/20160604090325.pdf
https://groups.io/g/Emco-CNC-Users/profile/@Sharp.Shooter
https://groups.io/g/Emco-CNC-Users/files/Compact%205%20CNC_EL.pdf
https://groups.io/g/Emco-CNC-Users/files/Compact5CNC_EN_BedienAnl%20%28Operating%20Manual%29.pdf
https://groups.io/g/Emco-CNC-Users/files/_Compact5_EN.pdf
https://groups.io/g/Emco-CNC-Users/files/Compact5_EN.pdf
https://groups.io/g/Emco-CNC-Users/files/Compact%205%20Gib%20repair.doc
https://groups.io/g/Emco-CNC-Users/files/CPCM100.IEN
https://groups.io/g/Emco-CNC-Users/files/CPCM50.IEN
https://groups.io/g/Emco-CNC-Users/files/Cylinder%20turn%20thread.cnc
https://groups.io/g/Emco-CNC-Users/files/dosdrvr.zip
https://groups.io/g/Emco-CNC-Users/files/EMCO%203X%20F1M1.pst
https://groups.io/g/Emco-CNC-Users/files/Emco%205%20CNC%20electronic.rar
https://groups.io/g/Emco-CNC-Users/files/Emco%205%20QCTP%20toolholder2.dwg
https://groups.io/g/Emco-CNC-Users/files/Emco%205%20QCTP%20toolholder%20adjuster%20nut.dwg
https://groups.io/g/Emco-CNC-Users/files/Emco%205%20QCTP%20toolholder%20Tee%20nut.dwg
https://groups.io/g/Emco-CNC-Users/files/Emco%205%20Tailstock%20fixing.JPG
https://groups.io/g/Emco-CNC-Users/files/Emco%205%20X%20axis%20stepper%20mount%20plate.AD_DRW
https://groups.io/g/Emco-CNC-Users/files/Emco%205%20X%20axis%20stepper%20mount%20plate.dxf
https://groups.io/g/Emco-CNC-Users/files/EmcoBasic_CadCam.pdf
https://groups.io/g/Emco-CNC-Users/files/EMCO%20Compact%205%20CNC.pdf
https://groups.io/g/Emco-CNC-Users/files/EMCO%20Compact%205%20CNC%20Versions%20and%20Specs.pdf
https://groups.io/g/Emco-CNC-Users/files/emco_compact_5_pc.pdf
https://groups.io/g/Emco-CNC-Users/files/Emco-Compact%206p_ver21_Drill7.cps
https://groups.io/g/Emco-CNC-Users/files/Emco%20Concept%20Mill55-RADIUS-REV2.cps
https://groups.io/g/Emco-CNC-Users/files/emco_f1_upgrade.pdf
https://groups.io/g/Emco-CNC-Users/files/emcofi10.jpg
https://groups.io/g/Emco-CNC-Users/files/Emco%20Slo-Syn%20wiring.pdf
https://groups.io/g/Emco-CNC-Users/files/Emco-T02-MSD%27s.pdf
https://groups.io/g/Emco-CNC-Users/files/emcoxfer.py
https://groups.io/g/Emco-CNC-Users/files/f1_safety_and_control_circuits.pdf
https://groups.io/g/Emco-CNC-Users/files/Half-fullstepMorph.tar.gz
https://groups.io/g/Emco-CNC-Users/files/IMG_20170816_125831.jpg
https://groups.io/g/Emco-CNC-Users/files/IMG_20170816_125846.jpg
https://groups.io/g/Emco-CNC-Users/files/Keyboard%20control%20keys.pdf
https://groups.io/g/Emco-CNC-Users/files/KeyboardTest.exe
https://groups.io/g/Emco-CNC-Users/files/Leo%20tapered%20cut.cnc
https://groups.io/g/Emco-CNC-Users/files/Leveling.jpg
https://groups.io/g/Emco-CNC-Users/files/PS4003.pdf
https://groups.io/g/Emco-CNC-Users/files/pre_reglage_outillage.pdf
https://groups.io/g/Emco-CNC-Users/files/Pratt%2080mm%20chuck%20backplate.pdf
https://groups.io/g/Emco-CNC-Users/files/PCTurn50_EN_Beschr_C.pdf
https://groups.io/g/Emco-CNC-Users/files/PCMill55_EN_Beschr_C.pdf
https://groups.io/g/Emco-CNC-Users/files/PC%20mill%2055%20backup%20EMCO%20TRANSCEND%20FROM%20ACC.zip
https://groups.io/g/Emco-CNC-Users/files/MSD_PLC.zip
https://groups.io/g/Emco-CNC-Users/files/Mk4%20lathe%20test%20TEXT.txt
https://groups.io/g/Emco-CNC-Users/files/MK2,%20MK4,%20F1%20GM%20codes.xls
https://groups.io/g/Emco-CNC-Users/files/MikesFreeInterface_2014_v1.6.4
https://groups.io/g/Emco-CNC-Users/files/20160604090312.pdf
https://groups.io/g/Emco-CNC-Users/profile/@Sharp.Shooter
https://groups.io/g/Emco-CNC-Users/files/20160604090325.pdf
https://groups.io/g/Emco-CNC-Users/profile/@Sharp.Shooter
https://groups.io/g/Emco-CNC-Users/files/Compact%205%20CNC_EL.pdf
https://groups.io/g/Emco-CNC-Users/files/Compact5CNC_EN_BedienAnl%20%28Operating%20Manual%29.pdf
https://groups.io/g/Emco-CNC-Users/files/_Compact5_EN.pdf
https://groups.io/g/Emco-CNC-Users/files/Compact5_EN.pdf
https://groups.io/g/Emco-CNC-Users/files/Compact%205%20Gib%20repair.doc
https://groups.io/g/Emco-CNC-Users/files/CPCM100.IEN
https://groups.io/g/Emco-CNC-Users/files/CPCM50.IEN
https://groups.io/g/Emco-CNC-Users/files/Cylinder%20turn%20thread.cnc
https://groups.io/g/Emco-CNC-Users/files/dosdrvr.zip
https://groups.io/g/Emco-CNC-Users/files/EMCO%203X%20F1M1.pst
https://groups.io/g/Emco-CNC-Users/files/Emco%205%20CNC%20electronic.rar
https://groups.io/g/Emco-CNC-Users/files/Emco%205%20QCTP%20toolholder2.dwg
https://groups.io/g/Emco-CNC-Users/files/Emco%205%20QCTP%20toolholder%20adjuster%20nut.dwg
https://groups.io/g/Emco-CNC-Users/files/Emco%205%20QCTP%20toolholder%20Tee%20nut.dwg
https://groups.io/g/Emco-CNC-Users/files/Emco%205%20Tailstock%20fixing.JPG
https://groups.io/g/Emco-CNC-Users/files/Emco%205%20X%20axis%20stepper%20mount%20plate.AD_DRW
https://groups.io/g/Emco-CNC-Users/files/Emco%205%20X%20axis%20stepper%20mount%20plate.dxf
https://groups.io/g/Emco-CNC-Users/files/EmcoBasic_CadCam.pdf
https://groups.io/g/Emco-CNC-Users/files/EMCO%20Compact%205%20CNC.pdf
https://groups.io/g/Emco-CNC-Users/files/EMCO%20Compact%205%20CNC%20Versions%20and%20Specs.pdf
https://groups.io/g/Emco-CNC-Users/files/emco_compact_5_pc.pdf
https://groups.io/g/Emco-CNC-Users/files/Emco-Compact%206p_ver21_Drill7.cps
https://groups.io/g/Emco-CNC-Users/files/Emco%20Concept%20Mill55-RADIUS-REV2.cps
https://groups.io/g/Emco-CNC-Users/files/emco_f1_upgrade.pdf
https://groups.io/g/Emco-CNC-Users/files/emcofi10.jpg
https://groups.io/g/Emco-CNC-Users/files/Emco%20Slo-Syn%20wiring.pdf
https://groups.io/g/Emco-CNC-Users/files/Emco-T02-MSD%27s.pdf
https://groups.io/g/Emco-CNC-Users/files/emcoxfer.py
https://groups.io/g/Emco-CNC-Users/files/f1_safety_and_control_circuits.pdf
https://groups.io/g/Emco-CNC-Users/files/Half-fullstepMorph.tar.gz
https://groups.io/g/Emco-CNC-Users/files/IMG_20170816_125831.jpg
https://groups.io/g/Emco-CNC-Users/files/IMG_20170816_125846.jpg
https://groups.io/g/Emco-CNC-Users/files/Keyboard%20control%20keys.pdf
https://groups.io/g/Emco-CNC-Users/files/KeyboardTest.exe
https://groups.io/g/Emco-CNC-Users/files/Leo%20tapered%20cut.cnc
https://groups.io/g/Emco-CNC-Users/files/Leveling.jpg
https://groups.io/g/Emco-CNC-Users/files/Mike%20North%20MFI%201.0.zip
https://groups.io/g/Emco-CNC-Users/files/MikesFreeInterface_2014_v1.6.4
https://groups.io/g/Emco-CNC-Users/files/MK2,%20MK4,%20F1%20GM%20codes.xls
https://groups.io/g/Emco-CNC-Users/files/Mk4%20lathe%20test%20TEXT.txt
https://groups.io/g/Emco-CNC-Users/files/MSD_PLC.zip
https://groups.io/g/Emco-CNC-Users/files/PC%20mill%2055%20backup%20EMCO%20TRANSCEND%20FROM%20ACC.zip
https://groups.io/g/Emco-CNC-Users/files/PCMill55_EN_Beschr_C.pdf
https://groups.io/g/Emco-CNC-Users/files/PCTurn50_EN_Beschr_C.pdf
https://groups.io/g/Emco-CNC-Users/files/Pratt%2080mm%20chuck%20backplate.pdf
https://groups.io/g/Emco-CNC-Users/files/pre_reglage_outillage.pdf
https://groups.io/g/Emco-CNC-Users/files/PS4003.pdf
https://groups.io/g/Emco-CNC-Users/files/stepdrvconverter.asm
https://groups.io/g/Emco-CNC-Users/files/Step_motor_basics.pdf
https://groups.io/g/Emco-CNC-Users/files/Taper%20cut%20.5%20brass%20rod.cnc
https://groups.io/g/Emco-CNC-Users/files/Threading%20prog%20MFI.cnc
https://groups.io/g/Emco-CNC-Users/files/VID_20170816_130004.mp4
https://groups.io/g/Emco-CNC-Users/files/VMC100%20w-TM02%20Instr.pdf
https://groups.io/g/Emco-CNC-Users/files/When%20settingup%20a%20turret.doc
https://groups.io/g/Emco-CNC-Users/files/WinCam-ENG.pdf
https://groups.io/g/Emco-CNC-Users/files/WinCam-ITA.pdf
https://groups.io/g/Emco-CNC-Users/files/WinNC32inst.exe
https://groups.io/g/Emco-CNC-Users/files/WINNC.rar
https://groups.io/g/Emco-CNC-Users/files/Z%20axis%20stepper%20plate.AD_DRW
https://groups.io/g/Emco-CNC-Users/files/Z%20axis%20stepper%20plate.dxf
https://groups.io/g/Emco-CNC-Users/files/20160604090312.pdf
https://groups.io/g/Emco-CNC-Users/profile/@Sharp.Shooter
https://groups.io/g/Emco-CNC-Users/files/20160604090325.pdf
https://groups.io/g/Emco-CNC-Users/profile/@Sharp.Shooter
https://groups.io/g/Emco-CNC-Users/files/Compact%205%20CNC_EL.pdf
https://groups.io/g/Emco-CNC-Users/files/Compact5CNC_EN_BedienAnl%20%28Operating%20Manual%29.pdf
https://groups.io/g/Emco-CNC-Users/files/_Compact5_EN.pdf
https://groups.io/g/Emco-CNC-Users/files/Compact5_EN.pdf
https://groups.io/g/Emco-CNC-Users/files/Compact%205%20Gib%20repair.doc
